<?xml version="1.0" encoding="UTF-8"?>
<!-- Generated by org.testng.reporters.JUnitXMLReporter -->
<testsuite hostname="LKNDSS5CJCRQ2" ignored="0" name="CMSSBrokerPortal Test(failed)" tests="2" failures="0" timestamp="12 Jun 2020 05:17:46 GMT" time="775.67" errors="0">
  <testcase name="PurchaseResidentialApplicationSingleApplicant" time="368.66" classname="brokerPortal.testCases.TC_006_PurchaseResidentialApplicationSingleApplicant"/>
  <testcase name="RemortgageBTLApplicationSingleApplicant" time="406.704" classname="brokerPortal.testCases.TC_009_RemortgageBTLApplicationSingleApplicant"/>
</testsuite> <!-- CMSSBrokerPortal Test(failed) -->
